This file contains any messages produced by compilers while
running configure, to aid debugging if configure makes a mistake.

It was created by json-vala configure 1.0, which was
generated by GNU Autoconf 2.69.  Invocation command line was

  $ ./configure 

## --------- ##
## Platform. ##
## --------- ##

hostname = yannick-1005PXD
uname -m = i686
uname -r = 3.16.0-6-generic
uname -s = Linux
uname -v = #11-Ubuntu SMP Mon Jul 28 02:00:32 UTC 2014

/usr/bin/uname -p = unknown
/bin/uname -X     = unknown

/bin/arch              = unknown
/usr/bin/arch -k       = unknown
/usr/convex/getsysinfo = unknown
/usr/bin/hostinfo      = unknown
/bin/machine           = unknown
/usr/bin/oslevel       = unknown
/bin/universe          = unknown

PATH: /usr/local/sbin
PATH: /usr/local/bin
PATH: /usr/sbin
PATH: /usr/bin
PATH: /sbin
PATH: /bin
PATH: /usr/games
PATH: /usr/local/games


## ----------- ##
## Core tests. ##
## ----------- ##

configure:2244: checking for a BSD-compatible install
configure:2312: result: /usr/bin/install -c
configure:2323: checking whether build environment is sane
configure:2378: result: yes
configure:2529: checking for a thread-safe mkdir -p
configure:2568: result: /bin/mkdir -p
configure:2575: checking for gawk
configure:2591: found /usr/bin/gawk
configure:2602: result: gawk
configure:2613: checking whether make sets $(MAKE)
configure:2635: result: yes
configure:2664: checking whether make supports nested variables
configure:2681: result: yes
configure:2818: checking whether make supports nested variables
configure:2835: result: yes
configure:2895: checking for gcc
configure:2911: found /usr/bin/gcc
configure:2922: result: gcc
configure:3151: checking for C compiler version
configure:3160: gcc --version >&5
gcc (Ubuntu 4.9.1-4ubuntu1) 4.9.1
Copyright (C) 2014 Free Software Foundation, Inc.
This is free software; see the source for copying conditions.  There is NO
warranty; not even for MERCHANTABILITY or FITNESS FOR A PARTICULAR PURPOSE.

configure:3171: $? = 0
configure:3160: gcc -v >&5
Using built-in specs.
COLLECT_GCC=gcc
COLLECT_LTO_WRAPPER=/usr/lib/gcc/i686-linux-gnu/4.9/lto-wrapper
Target: i686-linux-gnu
Configured with: ../src/configure -v --with-pkgversion='Ubuntu 4.9.1-4ubuntu1' --with-bugurl=file:///usr/share/doc/gcc-4.9/README.Bugs --enable-languages=c,c++,java,go,d,fortran,objc,obj-c++ --prefix=/usr --program-suffix=-4.9 --enable-shared --enable-linker-build-id --libexecdir=/usr/lib --without-included-gettext --enable-threads=posix --with-gxx-include-dir=/usr/include/c++/4.9 --libdir=/usr/lib --enable-nls --with-sysroot=/ --enable-clocale=gnu --enable-libstdcxx-debug --enable-libstdcxx-time=yes --enable-gnu-unique-object --disable-vtable-verify --enable-plugin --with-system-zlib --disable-browser-plugin --enable-java-awt=gtk --enable-gtk-cairo --with-java-home=/usr/lib/jvm/java-1.5.0-gcj-4.9-i386/jre --enable-java-home --with-jvm-root-dir=/usr/lib/jvm/java-1.5.0-gcj-4.9-i386 --with-jvm-jar-dir=/usr/lib/jvm-exports/java-1.5.0-gcj-4.9-i386 --with-arch-directory=i386 --with-ecj-jar=/usr/share/java/eclipse-ecj.jar --enable-objc-gc --enable-targets=all --enable-multiarch --disable-werror --with-arch-32=i686 --with-multilib-list=m32,m64,mx32 --enable-multilib --with-tune=generic --enable-checking=release --build=i686-linux-gnu --host=i686-linux-gnu --target=i686-linux-gnu
Thread model: posix
gcc version 4.9.1 (Ubuntu 4.9.1-4ubuntu1) 
configure:3171: $? = 0
configure:3160: gcc -V >&5
gcc: error: unrecognized command line option '-V'
gcc: fatal error: no input files
compilation terminated.
configure:3171: $? = 4
configure:3160: gcc -qversion >&5
gcc: error: unrecognized command line option '-qversion'
gcc: fatal error: no input files
compilation terminated.
configure:3171: $? = 4
configure:3191: checking whether the C compiler works
configure:3213: gcc    conftest.c  >&5
configure:3217: $? = 0
configure:3265: result: yes
configure:3268: checking for C compiler default output file name
configure:3270: result: a.out
configure:3276: checking for suffix of executables
configure:3283: gcc -o conftest    conftest.c  >&5
configure:3287: $? = 0
configure:3309: result: 
configure:3331: checking whether we are cross compiling
configure:3339: gcc -o conftest    conftest.c  >&5
configure:3343: $? = 0
configure:3350: ./conftest
configure:3354: $? = 0
configure:3369: result: no
configure:3374: checking for suffix of object files
configure:3396: gcc -c   conftest.c >&5
configure:3400: $? = 0
configure:3421: result: o
configure:3425: checking whether we are using the GNU C compiler
configure:3444: gcc -c   conftest.c >&5
configure:3444: $? = 0
configure:3453: result: yes
configure:3462: checking whether gcc accepts -g
configure:3482: gcc -c -g  conftest.c >&5
configure:3482: $? = 0
configure:3523: result: yes
configure:3540: checking for gcc option to accept ISO C89
configure:3603: gcc  -c -g -O2  conftest.c >&5
configure:3603: $? = 0
configure:3616: result: none needed
configure:3641: checking whether gcc understands -c and -o together
configure:3663: gcc -c conftest.c -o conftest2.o
configure:3666: $? = 0
configure:3663: gcc -c conftest.c -o conftest2.o
configure:3666: $? = 0
configure:3678: result: yes
configure:3706: checking for style of include used by make
configure:3734: result: GNU
configure:3760: checking dependency style of gcc
configure:3871: result: gcc3
configure:3937: checking for ar
configure:3953: found /usr/bin/ar
configure:3964: result: ar
configure:3990: checking the archiver (ar) interface
configure:4006: gcc -c -g -O2  conftest.c >&5
configure:4006: $? = 0
configure:4008: ar cru libconftest.a conftest.o >&5
configure:4011: $? = 0
configure:4039: result: ar
configure:4062: checking for valac
configure:4080: found /usr/bin/valac
configure:4093: result: /usr/bin/valac
configure:4227: checking build system type
configure:4241: result: i686-pc-linux-gnu
configure:4261: checking host system type
configure:4274: result: i686-pc-linux-gnu
configure:4315: checking how to print strings
configure:4342: result: printf
configure:4363: checking for a sed that does not truncate output
configure:4427: result: /bin/sed
configure:4445: checking for grep that handles long lines and -e
configure:4503: result: /bin/grep
configure:4508: checking for egrep
configure:4570: result: /bin/grep -E
configure:4575: checking for fgrep
configure:4637: result: /bin/grep -F
configure:4672: checking for ld used by gcc
configure:4739: result: /usr/bin/ld
configure:4746: checking if the linker (/usr/bin/ld) is GNU ld
configure:4761: result: yes
configure:4773: checking for BSD- or MS-compatible name lister (nm)
configure:4822: result: /usr/bin/nm -B
configure:4952: checking the name lister (/usr/bin/nm -B) interface
configure:4959: gcc -c -g -O2  conftest.c >&5
configure:4962: /usr/bin/nm -B "conftest.o"
configure:4965: output
00000000 B some_variable
configure:4972: result: BSD nm
configure:4975: checking whether ln -s works
configure:4979: result: yes
configure:4987: checking the maximum length of command line arguments
configure:5118: result: 1572864
configure:5135: checking whether the shell understands some XSI constructs
configure:5145: result: yes
configure:5149: checking whether the shell understands "+="
configure:5155: result: yes
configure:5190: checking how to convert i686-pc-linux-gnu file names to i686-pc-linux-gnu format
configure:5230: result: func_convert_file_noop
configure:5237: checking how to convert i686-pc-linux-gnu file names to toolchain format
configure:5257: result: func_convert_file_noop
configure:5264: checking for /usr/bin/ld option to reload object files
configure:5271: result: -r
configure:5345: checking for objdump
configure:5361: found /usr/bin/objdump
configure:5372: result: objdump
configure:5404: checking how to recognize dependent libraries
configure:5602: result: pass_all
configure:5687: checking for dlltool
configure:5717: result: no
configure:5747: checking how to associate runtime and link libraries
configure:5774: result: printf %s\n
configure:5898: checking for archiver @FILE support
configure:5915: gcc -c -g -O2  conftest.c >&5
configure:5915: $? = 0
configure:5918: ar cru libconftest.a @conftest.lst >&5
configure:5921: $? = 0
configure:5926: ar cru libconftest.a @conftest.lst >&5
ar: conftest.o: No such file or directory
configure:5929: $? = 1
configure:5941: result: @
configure:5999: checking for strip
configure:6015: found /usr/bin/strip
configure:6026: result: strip
configure:6098: checking for ranlib
configure:6114: found /usr/bin/ranlib
configure:6125: result: ranlib
configure:6227: checking command to parse /usr/bin/nm -B output from gcc object
configure:6347: gcc -c -g -O2  conftest.c >&5
configure:6350: $? = 0
configure:6354: /usr/bin/nm -B conftest.o \| sed -n -e 's/^.*[ ]\([ABCDGIRSTW][ABCDGIRSTW]*\)[ ][ ]*\([_A-Za-z][_A-Za-z0-9]*\)$/\1 \2 \2/p' | sed '/ __gnu_lto/d' \> conftest.nm
configure:6357: $? = 0
configure:6423: gcc -o conftest -g -O2   conftest.c conftstm.o >&5
configure:6426: $? = 0
configure:6464: result: ok
configure:6501: checking for sysroot
configure:6531: result: no
configure:6800: checking for mt
configure:6816: found /bin/mt
configure:6827: result: mt
configure:6850: checking if mt is a manifest tool
configure:6856: mt '-?'
configure:6864: result: no
configure:7506: checking how to run the C preprocessor
configure:7537: gcc -E  conftest.c
configure:7537: $? = 0
configure:7551: gcc -E  conftest.c
conftest.c:11:28: fatal error: ac_nonexistent.h: No such file or directory
 #include <ac_nonexistent.h>
                            ^
compilation terminated.
configure:7551: $? = 1
configure: failed program was:
| /* confdefs.h */
| #define PACKAGE_NAME "json-vala"
| #define PACKAGE_TARNAME "json-vala"
| #define PACKAGE_VERSION "1.0"
| #define PACKAGE_STRING "json-vala 1.0"
| #define PACKAGE_BUGREPORT ""
| #define PACKAGE_URL ""
| #define PACKAGE "json-vala"
| #define VERSION "1.0"
| /* end confdefs.h.  */
| #include <ac_nonexistent.h>
configure:7576: result: gcc -E
configure:7596: gcc -E  conftest.c
configure:7596: $? = 0
configure:7610: gcc -E  conftest.c
conftest.c:11:28: fatal error: ac_nonexistent.h: No such file or directory
 #include <ac_nonexistent.h>
                            ^
compilation terminated.
configure:7610: $? = 1
configure: failed program was:
| /* confdefs.h */
| #define PACKAGE_NAME "json-vala"
| #define PACKAGE_TARNAME "json-vala"
| #define PACKAGE_VERSION "1.0"
| #define PACKAGE_STRING "json-vala 1.0"
| #define PACKAGE_BUGREPORT ""
| #define PACKAGE_URL ""
| #define PACKAGE "json-vala"
| #define VERSION "1.0"
| /* end confdefs.h.  */
| #include <ac_nonexistent.h>
configure:7639: checking for ANSI C header files
configure:7659: gcc -c -g -O2  conftest.c >&5
configure:7659: $? = 0
configure:7732: gcc -o conftest -g -O2   conftest.c  >&5
configure:7732: $? = 0
configure:7732: ./conftest
configure:7732: $? = 0
configure:7743: result: yes
configure:7756: checking for sys/types.h
configure:7756: gcc -c -g -O2  conftest.c >&5
configure:7756: $? = 0
configure:7756: result: yes
configure:7756: checking for sys/stat.h
configure:7756: gcc -c -g -O2  conftest.c >&5
configure:7756: $? = 0
configure:7756: result: yes
configure:7756: checking for stdlib.h
configure:7756: gcc -c -g -O2  conftest.c >&5
configure:7756: $? = 0
configure:7756: result: yes
configure:7756: checking for string.h
configure:7756: gcc -c -g -O2  conftest.c >&5
configure:7756: $? = 0
configure:7756: result: yes
configure:7756: checking for memory.h
configure:7756: gcc -c -g -O2  conftest.c >&5
configure:7756: $? = 0
configure:7756: result: yes
configure:7756: checking for strings.h
configure:7756: gcc -c -g -O2  conftest.c >&5
configure:7756: $? = 0
configure:7756: result: yes
configure:7756: checking for inttypes.h
configure:7756: gcc -c -g -O2  conftest.c >&5
configure:7756: $? = 0
configure:7756: result: yes
configure:7756: checking for stdint.h
configure:7756: gcc -c -g -O2  conftest.c >&5
configure:7756: $? = 0
configure:7756: result: yes
configure:7756: checking for unistd.h
configure:7756: gcc -c -g -O2  conftest.c >&5
configure:7756: $? = 0
configure:7756: result: yes
configure:7770: checking for dlfcn.h
configure:7770: gcc -c -g -O2  conftest.c >&5
configure:7770: $? = 0
configure:7770: result: yes
configure:7976: checking for objdir
configure:7991: result: .libs
configure:8258: checking if gcc supports -fno-rtti -fno-exceptions
configure:8276: gcc -c -g -O2  -fno-rtti -fno-exceptions conftest.c >&5
cc1: warning: command line option '-fno-rtti' is valid for C++/ObjC++ but not for C
configure:8280: $? = 0
configure:8293: result: no
configure:8620: checking for gcc option to produce PIC
configure:8627: result: -fPIC -DPIC
configure:8635: checking if gcc PIC flag -fPIC -DPIC works
configure:8653: gcc -c -g -O2  -fPIC -DPIC -DPIC conftest.c >&5
configure:8657: $? = 0
configure:8670: result: yes
configure:8699: checking if gcc static flag -static works
configure:8727: result: yes
configure:8742: checking if gcc supports -c -o file.o
configure:8763: gcc -c -g -O2  -o out/conftest2.o conftest.c >&5
configure:8767: $? = 0
configure:8789: result: yes
configure:8797: checking if gcc supports -c -o file.o
configure:8844: result: yes
configure:8877: checking whether the gcc linker (/usr/bin/ld) supports shared libraries
configure:10034: result: yes
configure:10071: checking whether -lc should be explicitly linked in
configure:10079: gcc -c -g -O2  conftest.c >&5
configure:10082: $? = 0
configure:10097: gcc -shared  -fPIC -DPIC conftest.o  -v -Wl,-soname -Wl,conftest -o conftest 2\>\&1 \| /bin/grep  -lc  \>/dev/null 2\>\&1
configure:10100: $? = 0
configure:10114: result: no
configure:10274: checking dynamic linker characteristics
configure:10774: gcc -o conftest -g -O2   -Wl,-rpath -Wl,/foo conftest.c  >&5
configure:10774: $? = 0
configure:11008: result: GNU/Linux ld.so
configure:11115: checking how to hardcode library paths into programs
configure:11140: result: immediate
configure:11680: checking whether stripping libraries is possible
configure:11685: result: yes
configure:11720: checking if libtool supports shared libraries
configure:11722: result: yes
configure:11725: checking whether to build shared libraries
configure:11746: result: yes
configure:11749: checking whether to build static libraries
configure:11753: result: yes
configure:11849: checking for pkg-config
configure:11867: found /usr/bin/pkg-config
configure:11879: result: /usr/bin/pkg-config
configure:11904: checking pkg-config is at least version 0.9.0
configure:11907: result: yes
configure:11917: checking for JSON_VALA
configure:11924: $PKG_CONFIG --exists --print-errors "$pkg_modules"
configure:11927: $? = 0
configure:11941: $PKG_CONFIG --exists --print-errors "$pkg_modules"
configure:11944: $? = 0
configure:12002: result: yes
configure:12118: checking that generated files are newer than configure
configure:12124: result: done
configure:12151: creating ./config.status

## ---------------------- ##
## Running config.status. ##
## ---------------------- ##

This file was extended by json-vala config.status 1.0, which was
generated by GNU Autoconf 2.69.  Invocation command line was

  CONFIG_FILES    = 
  CONFIG_HEADERS  = 
  CONFIG_LINKS    = 
  CONFIG_COMMANDS = 
  $ ./config.status 

on yannick-1005PXD

config.status:1092: creating Makefile
config.status:1092: creating src/json-vala.pc
config.status:1092: creating src/Makefile
config.status:1092: creating doc/Makefile
config.status:1092: creating config.h
config.status:1321: executing depfiles commands
config.status:1321: executing libtool commands

## ---------------- ##
## Cache variables. ##
## ---------------- ##

ac_cv_build=i686-pc-linux-gnu
ac_cv_c_compiler_gnu=yes
ac_cv_env_CC_set=
ac_cv_env_CC_value=
ac_cv_env_CFLAGS_set=
ac_cv_env_CFLAGS_value=
ac_cv_env_CPPFLAGS_set=
ac_cv_env_CPPFLAGS_value=
ac_cv_env_CPP_set=
ac_cv_env_CPP_value=
ac_cv_env_JSON_VALA_CFLAGS_set=
ac_cv_env_JSON_VALA_CFLAGS_value=
ac_cv_env_JSON_VALA_LIBS_set=
ac_cv_env_JSON_VALA_LIBS_value=
ac_cv_env_LDFLAGS_set=
ac_cv_env_LDFLAGS_value=
ac_cv_env_LIBS_set=
ac_cv_env_LIBS_value=
ac_cv_env_PKG_CONFIG_LIBDIR_set=
ac_cv_env_PKG_CONFIG_LIBDIR_value=
ac_cv_env_PKG_CONFIG_PATH_set=
ac_cv_env_PKG_CONFIG_PATH_value=
ac_cv_env_PKG_CONFIG_set=
ac_cv_env_PKG_CONFIG_value=
ac_cv_env_build_alias_set=
ac_cv_env_build_alias_value=
ac_cv_env_host_alias_set=
ac_cv_env_host_alias_value=
ac_cv_env_target_alias_set=
ac_cv_env_target_alias_value=
ac_cv_header_dlfcn_h=yes
ac_cv_header_inttypes_h=yes
ac_cv_header_memory_h=yes
ac_cv_header_stdc=yes
ac_cv_header_stdint_h=yes
ac_cv_header_stdlib_h=yes
ac_cv_header_string_h=yes
ac_cv_header_strings_h=yes
ac_cv_header_sys_stat_h=yes
ac_cv_header_sys_types_h=yes
ac_cv_header_unistd_h=yes
ac_cv_host=i686-pc-linux-gnu
ac_cv_objext=o
ac_cv_path_EGREP='/bin/grep -E'
ac_cv_path_FGREP='/bin/grep -F'
ac_cv_path_GREP=/bin/grep
ac_cv_path_SED=/bin/sed
ac_cv_path_VALAC=/usr/bin/valac
ac_cv_path_ac_pt_PKG_CONFIG=/usr/bin/pkg-config
ac_cv_path_install='/usr/bin/install -c'
ac_cv_path_mkdir=/bin/mkdir
ac_cv_prog_AWK=gawk
ac_cv_prog_CPP='gcc -E'
ac_cv_prog_ac_ct_AR=ar
ac_cv_prog_ac_ct_CC=gcc
ac_cv_prog_ac_ct_MANIFEST_TOOL=mt
ac_cv_prog_ac_ct_OBJDUMP=objdump
ac_cv_prog_ac_ct_RANLIB=ranlib
ac_cv_prog_ac_ct_STRIP=strip
ac_cv_prog_cc_c89=
ac_cv_prog_cc_g=yes
ac_cv_prog_make_make_set=yes
am_cv_CC_dependencies_compiler_type=gcc3
am_cv_ar_interface=ar
am_cv_make_support_nested_variables=yes
am_cv_prog_cc_c_o=yes
lt_cv_ar_at_file=@
lt_cv_archive_cmds_need_lc=no
lt_cv_deplibs_check_method=pass_all
lt_cv_file_magic_cmd='$MAGIC_CMD'
lt_cv_file_magic_test_file=
lt_cv_ld_reload_flag=-r
lt_cv_nm_interface='BSD nm'
lt_cv_objdir=.libs
lt_cv_path_LD=/usr/bin/ld
lt_cv_path_NM='/usr/bin/nm -B'
lt_cv_path_mainfest_tool=no
lt_cv_prog_compiler_c_o=yes
lt_cv_prog_compiler_pic='-fPIC -DPIC'
lt_cv_prog_compiler_pic_works=yes
lt_cv_prog_compiler_rtti_exceptions=no
lt_cv_prog_compiler_static_works=yes
lt_cv_prog_gnu_ld=yes
lt_cv_sharedlib_from_linklib_cmd='printf %s\n'
lt_cv_shlibpath_overrides_runpath=no
lt_cv_sys_global_symbol_pipe='sed -n -e '\''s/^.*[	 ]\([ABCDGIRSTW][ABCDGIRSTW]*\)[	 ][	 ]*\([_A-Za-z][_A-Za-z0-9]*\)$/\1 \2 \2/p'\'' | sed '\''/ __gnu_lto/d'\'''
lt_cv_sys_global_symbol_to_c_name_address='sed -n -e '\''s/^: \([^ ]*\)[ ]*$/  {\"\1\", (void *) 0},/p'\'' -e '\''s/^[ABCDGIRSTW]* \([^ ]*\) \([^ ]*\)$/  {"\2", (void *) \&\2},/p'\'''
lt_cv_sys_global_symbol_to_c_name_address_lib_prefix='sed -n -e '\''s/^: \([^ ]*\)[ ]*$/  {\"\1\", (void *) 0},/p'\'' -e '\''s/^[ABCDGIRSTW]* \([^ ]*\) \(lib[^ ]*\)$/  {"\2", (void *) \&\2},/p'\'' -e '\''s/^[ABCDGIRSTW]* \([^ ]*\) \([^ ]*\)$/  {"lib\2", (void *) \&\2},/p'\'''
lt_cv_sys_global_symbol_to_cdecl='sed -n -e '\''s/^T .* \(.*\)$/extern int \1();/p'\'' -e '\''s/^[ABCDGIRSTW]* .* \(.*\)$/extern char \1;/p'\'''
lt_cv_sys_max_cmd_len=1572864
lt_cv_to_host_file_cmd=func_convert_file_noop
lt_cv_to_tool_file_cmd=func_convert_file_noop
pkg_cv_JSON_VALA_CFLAGS='-pthread -I/usr/include/gee-0.8 -I/usr/include/glib-2.0 -I/usr/lib/i386-linux-gnu/glib-2.0/include -I/usr/include/mee-1.0 '
pkg_cv_JSON_VALA_LIBS='-lgio-2.0 -lgee-0.8 -lgobject-2.0 -lglib-2.0 -lmee -lmagic '

## ----------------- ##
## Output variables. ##
## ----------------- ##

ACLOCAL='${SHELL} /home/yannick/Projets/Json-Vala/missing aclocal-1.14'
AMDEPBACKSLASH='\'
AMDEP_FALSE='#'
AMDEP_TRUE=''
AMTAR='$${TAR-tar}'
AM_BACKSLASH='\'
AM_DEFAULT_V='$(AM_DEFAULT_VERBOSITY)'
AM_DEFAULT_VERBOSITY='0'
AM_V='$(V)'
AR='ar'
AUTOCONF='${SHELL} /home/yannick/Projets/Json-Vala/missing autoconf'
AUTOHEADER='${SHELL} /home/yannick/Projets/Json-Vala/missing autoheader'
AUTOMAKE='${SHELL} /home/yannick/Projets/Json-Vala/missing automake-1.14'
AWK='gawk'
CC='gcc'
CCDEPMODE='depmode=gcc3'
CFLAGS='-g -O2'
CPP='gcc -E'
CPPFLAGS=''
CYGPATH_W='echo'
DEFS='-DHAVE_CONFIG_H'
DEPDIR='.deps'
DLLTOOL='false'
DSYMUTIL=''
DUMPBIN=''
ECHO_C=''
ECHO_N='-n'
ECHO_T=''
EGREP='/bin/grep -E'
ENABLE_DOC_FALSE=''
ENABLE_DOC_TRUE='#'
EXEEXT=''
FGREP='/bin/grep -F'
GREP='/bin/grep'
INSTALL_DATA='${INSTALL} -m 644'
INSTALL_PROGRAM='${INSTALL}'
INSTALL_SCRIPT='${INSTALL}'
INSTALL_STRIP_PROGRAM='$(install_sh) -c -s'
JSON_VALA_CFLAGS='-pthread -I/usr/include/gee-0.8 -I/usr/include/glib-2.0 -I/usr/lib/i386-linux-gnu/glib-2.0/include -I/usr/include/mee-1.0 '
JSON_VALA_LIBS='-lgio-2.0 -lgee-0.8 -lgobject-2.0 -lglib-2.0 -lmee -lmagic '
LD='/usr/bin/ld'
LDFLAGS=''
LIBOBJS=''
LIBS=''
LIBTOOL='$(SHELL) $(top_builddir)/libtool'
LIPO=''
LN_S='ln -s'
LTLIBOBJS=''
MAKEINFO='${SHELL} /home/yannick/Projets/Json-Vala/missing makeinfo'
MANIFEST_TOOL=':'
MKDIR_P='/bin/mkdir -p'
NM='/usr/bin/nm -B'
NMEDIT=''
OBJDUMP='objdump'
OBJEXT='o'
OTOOL64=''
OTOOL=''
PACKAGE='json-vala'
PACKAGE_BUGREPORT=''
PACKAGE_NAME='json-vala'
PACKAGE_STRING='json-vala 1.0'
PACKAGE_TARNAME='json-vala'
PACKAGE_URL=''
PACKAGE_VERSION='1.0'
PATH_SEPARATOR=':'
PKG_CONFIG='/usr/bin/pkg-config'
PKG_CONFIG_LIBDIR=''
PKG_CONFIG_PATH=''
RANLIB='ranlib'
SED='/bin/sed'
SET_MAKE=''
SHELL='/bin/bash'
STRIP='strip'
VALAC='/usr/bin/valac'
VALADOC=''
VERSION='1.0'
ac_ct_AR='ar'
ac_ct_CC='gcc'
ac_ct_DUMPBIN=''
am__EXEEXT_FALSE=''
am__EXEEXT_TRUE='#'
am__fastdepCC_FALSE='#'
am__fastdepCC_TRUE=''
am__include='include'
am__isrc=''
am__leading_dot='.'
am__nodep='_no'
am__quote=''
am__tar='$${TAR-tar} chof - "$$tardir"'
am__untar='$${TAR-tar} xf -'
bindir='${exec_prefix}/bin'
build='i686-pc-linux-gnu'
build_alias=''
build_cpu='i686'
build_os='linux-gnu'
build_vendor='pc'
datadir='${datarootdir}'
datarootdir='${prefix}/share'
docdir='${datarootdir}/doc/${PACKAGE_TARNAME}'
dvidir='${docdir}'
exec_prefix='${prefix}'
host='i686-pc-linux-gnu'
host_alias=''
host_cpu='i686'
host_os='linux-gnu'
host_vendor='pc'
htmldir='${docdir}'
includedir='${prefix}/include'
infodir='${datarootdir}/info'
install_sh='${SHELL} /home/yannick/Projets/Json-Vala/install-sh'
libdir='${exec_prefix}/lib'
libexecdir='${exec_prefix}/libexec'
localedir='${datarootdir}/locale'
localstatedir='${prefix}/var'
mandir='${datarootdir}/man'
mkdir_p='$(MKDIR_P)'
oldincludedir='/usr/include'
pdfdir='${docdir}'
prefix='/usr/local'
program_transform_name='s,x,x,'
psdir='${docdir}'
sbindir='${exec_prefix}/sbin'
sharedstatedir='${prefix}/com'
sysconfdir='${prefix}/etc'
target_alias=''

## ----------- ##
## confdefs.h. ##
## ----------- ##

/* confdefs.h */
#define PACKAGE_NAME "json-vala"
#define PACKAGE_TARNAME "json-vala"
#define PACKAGE_VERSION "1.0"
#define PACKAGE_STRING "json-vala 1.0"
#define PACKAGE_BUGREPORT ""
#define PACKAGE_URL ""
#define PACKAGE "json-vala"
#define VERSION "1.0"
#define STDC_HEADERS 1
#define HAVE_SYS_TYPES_H 1
#define HAVE_SYS_STAT_H 1
#define HAVE_STDLIB_H 1
#define HAVE_STRING_H 1
#define HAVE_MEMORY_H 1
#define HAVE_STRINGS_H 1
#define HAVE_INTTYPES_H 1
#define HAVE_STDINT_H 1
#define HAVE_UNISTD_H 1
#define HAVE_DLFCN_H 1
#define LT_OBJDIR ".libs/"

configure: exit 0

## ---------------------- ##
## Running config.status. ##
## ---------------------- ##

This file was extended by json-vala config.status 1.0, which was
generated by GNU Autoconf 2.69.  Invocation command line was

  CONFIG_FILES    = 
  CONFIG_HEADERS  = 
  CONFIG_LINKS    = 
  CONFIG_COMMANDS = 
  $ ./config.status config.h

on yannick-1005PXD

config.status:1092: creating config.h
config.status:1273: config.h is unchanged
